<?xml version="1.0" encoding="UTF-8"?>
<testsuite xmlns:xsi="http://www.w3.org/2001/XMLSchema-instance" xsi:noNamespaceSchemaLocation="https://maven.apache.org/surefire/maven-surefire-plugin/xsd/surefire-test-report.xsd" version="3.0.2" name="com.example.services.ProductServiceTest" time="0.141" tests="16" errors="0" skipped="0" failures="0">
  <properties>
[...]
</properties>
  <testcase name="deveObterCaminhoImagemPorIdCorretamente" classname="com.example.services.ProductServiceTest" time="0.062"/>
  <testcase name="deveFalharAoSalvarImagemSemNomeOriginal" classname="com.example.services.ProductServiceTest" time="0.003"/>
  <testcase name="deveFalharAoSalvarImagemInexistente" classname="com.example.services.ProductServiceTest" time="0.003"/>
  <testcase name="deveAtualizarImagemCorretamenteSemImagemAnterior" classname="com.example.services.ProductServiceTest" time="0.003"/>
  <testcase name="deveFalharAoSalvarComProdutoNulo" classname="com.example.services.ProductServiceTest" time="0.002"/>
  <testcase name="deveRetornarTrueAoRemoverImagemInexistente" classname="com.example.services.ProductServiceTest" time="0.002"/>
  <testcase name="deveFalharAoSalvarComCaminhoImagemNulo" classname="com.example.services.ProductServiceTest" time="0.001"/>
  <testcase name="deveSalvarImagemCorretamenteComNomeOriginal" classname="com.example.services.ProductServiceTest" time="0.002"/>
  <testcase name="deveSalvarImagemComEspacoNomeOriginalCorretamente" classname="com.example.services.ProductServiceTest" time="0.002"/>
  <testcase name="deveAtualizarImagemCorretamente" classname="com.example.services.ProductServiceTest" time="0.002"/>
  <testcase name="deveFalharAoAtualizarComImagemOrigemInvalida" classname="com.example.services.ProductServiceTest" time="0.002"/>
  <testcase name="deveAtualizarImagemMesmoNomeOriginal" classname="com.example.services.ProductServiceTest" time="0.004"/>
  <testcase name="deveSalvarImagemJpgCorretamenteComNomeOriginal" classname="com.example.services.ProductServiceTest" time="0.002"/>
  <testcase name="deveRetornarNuloAoObterCaminhoImagemInexistente" classname="com.example.services.ProductServiceTest" time="0.002"/>
  <testcase name="deveFalharAoSalvarComCaminhoImagemVazio" classname="com.example.services.ProductServiceTest" time="0.002"/>
  <testcase name="deveRemoverImagemCorretamente" classname="com.example.services.ProductServiceTest" time="0.002"/>
</testsuite>